<?xml version="1.0" encoding="UTF-8"?>
<testng-results ignored="0" total="1" passed="1" failed="0" skipped="0">
  <reporter-output>
  </reporter-output>
  <suite started-at="2025-06-04T17:09:58 IST" name="Default suite" finished-at="2025-06-04T17:10:12 IST" duration-ms="14007">
    <groups>
      <group name="cucumber">
        <method signature="AbstractTestNGCucumberTests.runScenario(io.cucumber.testng.PickleWrapper,io.cucumber.testng.FeatureWrapper)[pri:0, instance:runner.T001_RegisterUser_Cu@41a2befb]" name="runScenario" class="io.cucumber.testng.AbstractTestNGCucumberTests"/>
      </group> <!-- cucumber -->
    </groups>
    <test started-at="2025-06-04T17:09:58 IST" name="Default test" finished-at="2025-06-04T17:10:12 IST" duration-ms="14007">
      <class name="runner.T001_RegisterUser_Cu">
        <test-method is-config="true" signature="setUpClass(org.testng.ITestContext)[pri:0, instance:runner.T001_RegisterUser_Cu@41a2befb]" started-at="2025-06-04T17:09:58 IST" name="setUpClass" finished-at="2025-06-04T17:09:59 IST" duration-ms="433" status="PASS">
          <params>
            <param index="0">
              <value>
                <![CDATA[org.testng.TestRunner@2a369e14]]>
              </value>
            </param>
          </params>
          <reporter-output>
          </reporter-output>
        </test-method> <!-- setUpClass -->
        <test-method is-config="true" signature="preCondition()[pri:0, instance:runner.T001_RegisterUser_Cu@41a2befb]" started-at="2025-06-04T17:09:59 IST" name="preCondition" finished-at="2025-06-04T17:10:05 IST" duration-ms="6131" status="PASS">
          <reporter-output>
          </reporter-output>
        </test-method> <!-- preCondition -->
        <test-method signature="runScenario(io.cucumber.testng.PickleWrapper,io.cucumber.testng.FeatureWrapper)[pri:0, instance:runner.T001_RegisterUser_Cu@41a2befb]" started-at="2025-06-04T17:10:05 IST" name="runScenario" description="Runs Cucumber Scenarios" data-provider="scenarios" finished-at="2025-06-04T17:10:11 IST" duration-ms="6108" status="PASS">
          <params>
            <param index="0">
              <value>
                <![CDATA["Create an account with positive credentials"]]>
              </value>
            </param>
            <param index="1">
              <value>
                <![CDATA["Register the details in Demo Web Shop Website"]]>
              </value>
            </param>
          </params>
          <reporter-output>
          </reporter-output>
        </test-method> <!-- runScenario -->
        <test-method is-config="true" signature="postCondition()[pri:0, instance:runner.T001_RegisterUser_Cu@41a2befb]" started-at="2025-06-04T17:10:11 IST" name="postCondition" finished-at="2025-06-04T17:10:11 IST" duration-ms="93" status="PASS">
          <reporter-output>
          </reporter-output>
        </test-method> <!-- postCondition -->
        <test-method is-config="true" signature="tearDownClass()[pri:0, instance:runner.T001_RegisterUser_Cu@41a2befb]" started-at="2025-06-04T17:10:11 IST" name="tearDownClass" finished-at="2025-06-04T17:10:12 IST" duration-ms="1201" status="PASS">
          <reporter-output>
          </reporter-output>
        </test-method> <!-- tearDownClass -->
      </class> <!-- runner.T001_RegisterUser_Cu -->
    </test> <!-- Default test -->
  </suite> <!-- Default suite -->
</testng-results>
