<?xml version="1.0" encoding="UTF-8"?>
<testng-results ignored="0" total="1" passed="1" failed="0" skipped="0">
  <reporter-output>
  </reporter-output>
  <suite started-at="2025-06-03T14:56:52 IST" name="Default suite" finished-at="2025-06-03T14:56:57 IST" duration-ms="5666">
    <groups>
    </groups>
    <test started-at="2025-06-03T14:56:52 IST" name="Default test" finished-at="2025-06-03T14:56:57 IST" duration-ms="5666">
      <class name="runner.T001_RegisterUser">
        <test-method is-config="true" signature="preCondition()[pri:0, instance:runner.T001_RegisterUser@65fb9ffc]" started-at="2025-06-03T14:56:52 IST" name="preCondition" finished-at="2025-06-03T14:56:56 IST" duration-ms="4033" status="PASS">
          <reporter-output>
          </reporter-output>
        </test-method> <!-- preCondition -->
        <test-method signature="register()[pri:0, instance:runner.T001_RegisterUser@65fb9ffc]" started-at="2025-06-03T14:56:56 IST" name="register" finished-at="2025-06-03T14:56:57 IST" duration-ms="1514" status="PASS">
          <reporter-output>
          </reporter-output>
        </test-method> <!-- register -->
        <test-method is-config="true" signature="postCondition()[pri:0, instance:runner.T001_RegisterUser@65fb9ffc]" started-at="2025-06-03T14:56:57 IST" name="postCondition" finished-at="2025-06-03T14:56:57 IST" duration-ms="88" status="PASS">
          <reporter-output>
          </reporter-output>
        </test-method> <!-- postCondition -->
      </class> <!-- runner.T001_RegisterUser -->
    </test> <!-- Default test -->
  </suite> <!-- Default suite -->
</testng-results>
